<?xml version="1.0" encoding="UTF-8"?>
<!-- Generated by org.testng.reporters.JUnitReportReporter -->
<testsuite hostname="DESKTOP-CTHBBBH" failures="0" tests="1" name="com.Hybrid.TestClass.TC_LoginTestCase" time="22.058" errors="0" timestamp="2023-03-31T12:13:44 IST" skipped="0">
  <testcase classname="com.Hybrid.TestClass.TC_LoginTestCase" name="Login" time="22.058"/>
  <system-out/>
</testsuite> <!-- com.Hybrid.TestClass.TC_LoginTestCase -->
